<?xml version='1.0' encoding='UTF-8'?>
<testsuite hostname="c4aea641c826" name="funsets.FunSetSuite" tests="3" errors="0" failures="2" skipped="0" time="0.062" timestamp="2020-10-22T03:32:25">
                     <properties>
[...]
</properties>
                     <testcase classname="funsets.FunSetSuite" name="singleton set one contains one" time="0.057">
                                                 <failure message="java.lang.AssertionError: assertion failed: Singleton: 1 not 2" type="sbt.ForkMain$ForkError">sbt.ForkMain$ForkError: java.lang.AssertionError: assertion failed: Singleton: 1 not 2
	at scala.Predef$.assert(Predef.scala:282)
	at funsets.FunSetSuite$$anon$1.&lt;init&gt;(FunSetSuite.scala:64)
	at funsets.FunSetSuite.singleton$u0020set$u0020one$u0020contains$u0020one(FunSetSuite.scala:58)
	at sun.reflect.NativeMethodAccessorImpl.invoke0(Native Method)
	at sun.reflect.NativeMethodAccessorImpl.invoke(NativeMethodAccessorImpl.java:62)
	at sun.reflect.DelegatingMethodAccessorImpl.invoke(DelegatingMethodAccessorImpl.java:43)
	at java.lang.reflect.Method.invoke(Method.java:498)
	at org.junit.runners.model.FrameworkMethod$1.runReflectiveCall(FrameworkMethod.java:47)
	at org.junit.internal.runners.model.ReflectiveCallable.run(ReflectiveCallable.java:12)
	at org.junit.runners.model.FrameworkMethod.invokeExplosively(FrameworkMethod.java:44)
	at org.junit.internal.runners.statements.InvokeMethod.evaluate(InvokeMethod.java:17)
	at org.junit.internal.runners.statements.FailOnTimeout$StatementThread.run(FailOnTimeout.java:74)
</failure>
                                               </testcase><testcase classname="funsets.FunSetSuite" name="union contains all elements of each set" time="0.003">
                                                 <failure message="java.lang.AssertionError: assertion failed: Union 3" type="sbt.ForkMain$ForkError">sbt.ForkMain$ForkError: java.lang.AssertionError: assertion failed: Union 3
	at scala.Predef$.assert(Predef.scala:282)
	at funsets.FunSetSuite$$anon$2.&lt;init&gt;(FunSetSuite.scala:75)
	at funsets.FunSetSuite.union$u0020contains$u0020all$u0020elements$u0020of$u0020each$u0020set(FunSetSuite.scala:71)
	at sun.reflect.NativeMethodAccessorImpl.invoke0(Native Method)
	at sun.reflect.NativeMethodAccessorImpl.invoke(NativeMethodAccessorImpl.java:62)
	at sun.reflect.DelegatingMethodAccessorImpl.invoke(DelegatingMethodAccessorImpl.java:43)
	at java.lang.reflect.Method.invoke(Method.java:498)
	at org.junit.runners.model.FrameworkMethod$1.runReflectiveCall(FrameworkMethod.java:47)
	at org.junit.internal.runners.model.ReflectiveCallable.run(ReflectiveCallable.java:12)
	at org.junit.runners.model.FrameworkMethod.invokeExplosively(FrameworkMethod.java:44)
	at org.junit.internal.runners.statements.InvokeMethod.evaluate(InvokeMethod.java:17)
	at org.junit.internal.runners.statements.FailOnTimeout$StatementThread.run(FailOnTimeout.java:74)
</failure>
                                               </testcase><testcase classname="funsets.FunSetSuite" name="contains is implemented" time="0.002">
                                                 
                                               </testcase>
                     <system-out><![CDATA[]]></system-out>
                     <system-err><![CDATA[]]></system-err>
                   </testsuite>