<?xml version='1.0' encoding='UTF-8'?>
<testsuite hostname="c4aea641c826" name="funsets.FunSetSuite" tests="9" errors="0" failures="0" skipped="0" time="0.083" timestamp="2020-10-24T21:49:45">
                     <properties>
[...]
</properties>
                     <testcase classname="funsets.FunSetSuite" name="diff &quot;contains&quot; all elements in one set but not the other" time="0.062">
                                                 
                                               </testcase><testcase classname="funsets.FunSetSuite" name="intersect contains all elements in both sets" time="0.003">
                                                 
                                               </testcase><testcase classname="funsets.FunSetSuite" name="forall tests whether a given predicate is true for all elements of the set" time="0.003">
                                                 
                                               </testcase><testcase classname="funsets.FunSetSuite" name="filter creates sub-set containing elements of one set satisfying predicate" time="0.004">
                                                 
                                               </testcase><testcase classname="funsets.FunSetSuite" name="singleton set one contains one" time="0.002">
                                                 
                                               </testcase><testcase classname="funsets.FunSetSuite" name="exists tests whether a set contains at least one element for which the given predicate is true" time="0.002">
                                                 
                                               </testcase><testcase classname="funsets.FunSetSuite" name="union contains all elements of each set" time="0.002">
                                                 
                                               </testcase><testcase classname="funsets.FunSetSuite" name="Map Returns a set transformed by applying f to each element of s" time="0.005">
                                                 
                                               </testcase><testcase classname="funsets.FunSetSuite" name="contains is implemented" time="0.0">
                                                 
                                               </testcase>
                     <system-out><![CDATA[]]></system-out>
                     <system-err><![CDATA[]]></system-err>
                   </testsuite>